[2026-06-30 18:46:01] [INFO] [AttackCampaign]: Starting Adversarial Evaluation Campaign using config: ./configs/attacks.yaml
[2026-06-30 18:46:01] [INFO] [AttackCampaign]: Extracting CIFAR-10 test set arrays...
[2026-06-30 18:46:04] [INFO] [AttackCampaign]: Loaded evaluation dataset shape: (600, 3, 32, 32)
[2026-06-30 18:46:04] [INFO] [AttackCampaign]: Loading baseline FraudCNN checkpoint and wrapping in ART PyTorchClassifier...
[2026-06-30 18:47:49] [INFO] [AttackCampaign]: Starting Adversarial Evaluation Campaign using config: ./configs/attacks.yaml
[2026-06-30 18:47:49] [INFO] [AttackCampaign]: Extracting CIFAR-10 test set arrays...
[2026-06-30 18:47:52] [INFO] [AttackCampaign]: Loaded evaluation dataset shape: (600, 3, 32, 32)
[2026-06-30 18:47:52] [INFO] [AttackCampaign]: Loading baseline FraudCNN checkpoint and wrapping in ART PyTorchClassifier...
[2026-06-30 18:47:53] [INFO] [AttackCampaign]: Parent Campaign Run ID started: b73aebe0eaf44db69c2c2180cca3ff20
[2026-06-30 18:47:53] [INFO] [AttackCampaign]: Executing FGSM Epsilon Sweep...
[2026-06-30 18:48:22] [INFO] [AttackCampaign]: Executing PGD Evaluation...
[2026-06-30 18:52:37] [INFO] [AttackCampaign]: Executing Carlini & Wagner L2 Evaluation...
[2026-06-30 18:52:37] [INFO] [AttackCampaign]: C&W Evaluation subset shape: (527, 3, 32, 32)
[2026-06-30 18:56:53] [INFO] [AttackCampaign]: Starting Adversarial Evaluation Campaign using config: ./configs/attacks.yaml
[2026-06-30 18:56:53] [INFO] [AttackCampaign]: Extracting CIFAR-10 test set arrays...
[2026-06-30 18:56:56] [INFO] [AttackCampaign]: Loaded evaluation dataset shape: (60, 3, 32, 32)
[2026-06-30 18:56:56] [INFO] [AttackCampaign]: Loading baseline FraudCNN checkpoint and wrapping in ART PyTorchClassifier...
[2026-06-30 18:56:56] [INFO] [AttackCampaign]: Parent Campaign Run ID started: ddca3d467b79428bb2f4471303d6219e
[2026-06-30 18:56:56] [INFO] [AttackCampaign]: Executing FGSM Epsilon Sweep...
[2026-06-30 18:57:01] [INFO] [AttackCampaign]: Executing PGD Evaluation...
[2026-06-30 18:57:28] [INFO] [AttackCampaign]: Executing Carlini & Wagner L2 Evaluation...
[2026-06-30 18:57:28] [INFO] [AttackCampaign]: C&W Evaluation subset shape: (55, 3, 32, 32)
[2026-06-30 19:03:02] [INFO] [AttackCampaign]: Generating reports/attack_evaluation.md...
[2026-06-30 19:03:02] [INFO] [AttackCampaign]: Adversarial Evaluation Campaign successfully completed.
